Marca este: BMW 
Anul fabricatiei: 2009 
Tipul masinii: C 
Nr de accidente: 7 
Nr inmatriculare: B24GHT 
Numele proprietarului: Mircea 
Varsta proprietarului: 38 
Pretul este: 804.760010 $ 
Valabilitatea garantiei: 0 
Strada Morii Nr 20

Gradul de degradare al masinii este: 3 
Marca este: Mercedes 
Anul fabricatiei: 2014 
Tipul masinii: C 
Nr de accidente: 1 
Nr inmatriculare: IL304TYS 
Numele proprietarului: Mihai 
Varsta proprietarului: 47 
Pretul este: 1050.430054 $ 
Valabilitatea garantiei: 1 
Bd 1 Dec Nr 7

Gradul de degradare al masinii este: 0 
Marca este: Ford 
Anul fabricatiei: 2004 
Tipul masinii: B 
Nr de accidente: 2 
Nr inmatriculare: SB27HRA 
Numele proprietarului: Marin 
Varsta proprietarului: 50 
Pretul este: 730.570007 $ 
Valabilitatea garantiei: 0 
Strada Floricelelor Nr 22

Gradul de degradare al masinii este: 14 
Marca este: Tico 
Anul fabricatiei: 1999 
Tipul masinii: A 
Nr de accidente: 0 
Nr inmatriculare: PH34GHU 
Numele proprietarului: Simona 
Varsta proprietarului: 38 
Pretul este: 250.729996 $ 
Valabilitatea garantiei: 0 
Strada Bradului Nr 7

Gradul de degradare al masinii este: 3 
Marca este: Tico
Anul fabricatiei: 1999
Tipul masinii: A
Nr de accidente: 0
Nr inmatriculare: PH 
Numele proprietarului:  
Varsta proprietarului: 0 
Pret: 1868786004 
Valabilitatea garantiei este: 0Adresa:
Marca este: Mercedes
Anul fabricatiei: 2014
Tipul masinii: C
Nr de accidente: 1
Nr inmatriculare: IL 
Numele proprietarului: Mihai 
Varsta proprietarului: 47 
Pret: 1668441421 
Valabilitatea garantiei este: 1Adresa:Bd 1 Dec Nr 7

Marca este: Ford
Anul fabricatiei: 2004
Tipul masinii: C
Nr de accidente: 2
Nr inmatriculare: S 
Numele proprietarului: Marin 
Varsta proprietarului: 50 
Pret: 1685221190 
Valabilitatea garantiei este: 0Adresa:Strada Floricelelor Nr 22

Marca este: BMW
Anul fabricatiei: 2009
Tipul masinii: C
Nr de accidente: 7
Nr inmatriculare: B24GHT 
Numele proprietarului:  
Varsta proprietarului: 0 
Pret: 5721410 
Valabilitatea garantiei este: 0Adresa:
